2026-03-30 财经早餐抓取日志
========================

执行时间: 2026-03-30 09:00 (Asia/Shanghai)
执行状态: 失败 (网站不可访问)

错误详情:
---------
1. 主站xiaohongquan.com: ERR_CONNECTION_CLOSED
   - 通过系统代理(127.0.0.1:7890/Clash)也无法访问
   - SSL握手失败: SSL_ERROR_SYSCALL

2. 备用域名red-ring.cn:
   - 网站可访问，但存在多个技术问题:
   - SSL证书错误: ERR_CERT_DATE_INVALID (sse.redringvip.com)
   - JavaScript错误: this.fetchAppInfo is not a function
   - EventSource连接失败
   - 导致SPA应用无法正常加载，页面卡在公开首页

原因分析:
---------
- 小红圈主站可能存在DNS污染或IP封锁
- 备用域名虽可访问但前端应用加载失败
- 可能是网站服务器或CDN问题

后续建议:
---------
1. 检查VPN/代理状态，确保可以正常访问外网
2. 联系小红圈客服确认服务状态
3. 考虑是否需要手动获取当日财经早餐内容

执行人: OpenClaw Agent (cron)
